<?xml version="1.0" encoding="UTF-8"?>
<!-- Generated by org.testng.reporters.JUnitReportReporter -->
<testsuite skipped="0" hostname="WKWIN1451159" name="runner.TestRunner" tests="1" failures="0" timestamp="12 Sep 2020 14:47:18 GMT" time="294.940" errors="0">
  <testcase name="feature" time="294.940" classname="runner.TestRunner"/>
</testsuite> <!-- runner.TestRunner -->
