<?xml version="1.0" encoding="UTF-8"?>
<!-- Generated by org.testng.reporters.JUnitReportReporter -->
<testsuite skipped="0" hostname="WKWIN1451159" name="runner.TestRunner" tests="1" failures="0" timestamp="05 Mar 2020 08:37:16 GMT" time="27.696" errors="0">
  <testcase name="feature" time="27.696" classname="runner.TestRunner"/>
</testsuite> <!-- runner.TestRunner -->
