<?xml version="1.0" encoding="UTF-8"?>
<!-- Generated by org.testng.reporters.JUnitReportReporter -->
<testsuite skipped="0" hostname="WKWIN1451159" name="runner.TestRunner" tests="1" failures="0" timestamp="22 Sep 2020 16:54:09 GMT" time="173.133" errors="0">
  <testcase name="feature" time="173.133" classname="runner.TestRunner"/>
</testsuite> <!-- runner.TestRunner -->
