<?xml version="1.0" encoding="UTF-8"?>
<!-- Generated by org.testng.reporters.JUnitReportReporter -->
<testsuite skipped="0" hostname="WKWIN1451159" name="runner.TestRunner" tests="1" failures="0" timestamp="23 Sep 2020 04:19:27 GMT" time="170.919" errors="0">
  <testcase name="feature" time="170.919" classname="runner.TestRunner"/>
</testsuite> <!-- runner.TestRunner -->
